[2023-04-12 23:31:15,940] INFO Shutting down the log cleaner. (kafka.log.LogCleaner)
[2023-04-12 23:31:15,946] INFO [kafka-log-cleaner-thread-0]: Shutting down (kafka.log.LogCleaner)
[2023-04-12 23:31:15,947] INFO [kafka-log-cleaner-thread-0]: Shutdown completed (kafka.log.LogCleaner)
[2023-04-12 23:31:15,947] INFO [kafka-log-cleaner-thread-0]: Stopped (kafka.log.LogCleaner)
[2023-04-15 21:16:48,311] INFO Starting the log cleaner (kafka.log.LogCleaner)
[2023-04-15 21:16:48,402] INFO [kafka-log-cleaner-thread-0]: Starting (kafka.log.LogCleaner)
[2023-04-15 22:15:06,744] INFO Shutting down the log cleaner. (kafka.log.LogCleaner)
[2023-04-15 22:15:06,747] INFO [kafka-log-cleaner-thread-0]: Shutting down (kafka.log.LogCleaner)
[2023-04-15 22:15:06,747] INFO [kafka-log-cleaner-thread-0]: Stopped (kafka.log.LogCleaner)
[2023-04-15 22:15:06,747] INFO [kafka-log-cleaner-thread-0]: Shutdown completed (kafka.log.LogCleaner)
[2023-04-15 22:15:31,407] INFO Starting the log cleaner (kafka.log.LogCleaner)
[2023-04-15 22:15:31,490] INFO [kafka-log-cleaner-thread-0]: Starting (kafka.log.LogCleaner)
[2023-04-17 09:53:53,468] INFO Starting the log cleaner (kafka.log.LogCleaner)
[2023-04-17 09:53:53,555] INFO [kafka-log-cleaner-thread-0]: Starting (kafka.log.LogCleaner)
[2023-05-15 15:49:56,321] INFO Starting the log cleaner (kafka.log.LogCleaner)
[2023-05-15 15:49:56,411] INFO [kafka-log-cleaner-thread-0]: Starting (kafka.log.LogCleaner)
[2023-05-15 15:53:20,412] INFO Starting the log cleaner (kafka.log.LogCleaner)
[2023-05-15 15:53:20,495] INFO [kafka-log-cleaner-thread-0]: Starting (kafka.log.LogCleaner)
[2023-05-15 15:54:20,600] INFO Cleaner 0: Beginning cleaning of log __consumer_offsets-39 (kafka.log.LogCleaner)
[2023-05-15 15:54:20,600] INFO Cleaner 0: Building offset map for __consumer_offsets-39... (kafka.log.LogCleaner)
[2023-05-15 15:54:20,641] INFO Cleaner 0: Building offset map for log __consumer_offsets-39 for 1 segments in offset range [0, 17). (kafka.log.LogCleaner)
[2023-05-15 15:54:20,661] INFO Cleaner 0: Offset map for log __consumer_offsets-39 complete. (kafka.log.LogCleaner)
[2023-05-15 15:54:20,662] INFO Cleaner 0: Cleaning log __consumer_offsets-39 (cleaning prior to Mon Apr 17 22:02:55 ICT 2023, discarding tombstones prior to upper bound deletion horizon Thu Jan 01 08:00:00 ICT 1970)... (kafka.log.LogCleaner)
[2023-05-15 15:54:20,669] INFO Cleaner 0: Cleaning LogSegment(baseOffset=0, size=3286, lastModifiedTime=1681743775395, largestRecordTimestamp=Some(1681743775394)) in log __consumer_offsets-39 into 0 with an upper bound deletion horizon 0 computed from the segment last modified time of 1681743775395,retaining deletes. (kafka.log.LogCleaner)
[2023-05-15 15:54:20,687] INFO Cleaner 0: Swapping in cleaned segment LogSegment(baseOffset=0, size=452, lastModifiedTime=1681743775395, largestRecordTimestamp=Some(1681743775394)) for segment(s) List(LogSegment(baseOffset=0, size=3286, lastModifiedTime=1681743775395, largestRecordTimestamp=Some(1681743775394))) in log Log(dir=D:\tmp\kafka-logs\__consumer_offsets-39, topicId=zulEaysrRg2mdCpcrFhmIw, topic=__consumer_offsets, partition=39, highWatermark=18, lastStableOffset=18, logStartOffset=0, logEndOffset=18) (kafka.log.LogCleaner)
[2023-05-15 15:54:20,720] INFO Cleaner 0: Beginning cleaning of log __consumer_offsets-39 (kafka.log.LogCleaner)
[2023-05-15 15:54:20,720] INFO Cleaner 0: Building offset map for __consumer_offsets-39... (kafka.log.LogCleaner)
[2023-05-15 15:54:20,756] INFO Cleaner 0: Building offset map for log __consumer_offsets-39 for 1 segments in offset range [0, 17). (kafka.log.LogCleaner)
[2023-05-15 15:54:20,776] INFO Cleaner 0: Offset map for log __consumer_offsets-39 complete. (kafka.log.LogCleaner)
[2023-05-15 15:54:20,777] INFO Cleaner 0: Cleaning log __consumer_offsets-39 (cleaning prior to Mon Apr 17 22:02:55 ICT 2023, discarding tombstones prior to upper bound deletion horizon Thu Jan 01 08:00:00 ICT 1970)... (kafka.log.LogCleaner)
[2023-05-15 15:55:01,654] INFO Starting the log cleaner (kafka.log.LogCleaner)
[2023-05-15 15:55:01,744] INFO [kafka-log-cleaner-thread-0]: Starting (kafka.log.LogCleaner)
[2023-05-15 15:55:16,826] INFO Cleaner 0: Beginning cleaning of log __consumer_offsets-39 (kafka.log.LogCleaner)
[2023-05-15 15:55:16,828] INFO Cleaner 0: Building offset map for __consumer_offsets-39... (kafka.log.LogCleaner)
[2023-05-15 15:55:16,877] INFO Cleaner 0: Building offset map for log __consumer_offsets-39 for 1 segments in offset range [0, 17). (kafka.log.LogCleaner)
[2023-05-15 15:55:16,905] INFO Cleaner 0: Offset map for log __consumer_offsets-39 complete. (kafka.log.LogCleaner)
[2023-05-15 15:55:16,907] INFO Cleaner 0: Cleaning log __consumer_offsets-39 (cleaning prior to Mon Apr 17 22:02:55 ICT 2023, discarding tombstones prior to upper bound deletion horizon Thu Jan 01 08:00:00 ICT 1970)... (kafka.log.LogCleaner)
[2023-05-15 15:55:16,914] INFO Cleaner 0: Cleaning LogSegment(baseOffset=0, size=3286, lastModifiedTime=1681743775395, largestRecordTimestamp=Some(1681743775394)) in log __consumer_offsets-39 into 0 with an upper bound deletion horizon 0 computed from the segment last modified time of 1681743775395,retaining deletes. (kafka.log.LogCleaner)
[2023-05-15 15:55:16,934] INFO Cleaner 0: Swapping in cleaned segment LogSegment(baseOffset=0, size=452, lastModifiedTime=1681743775395, largestRecordTimestamp=Some(1681743775394)) for segment(s) List(LogSegment(baseOffset=0, size=3286, lastModifiedTime=1681743775395, largestRecordTimestamp=Some(1681743775394))) in log Log(dir=D:\tmp\kafka-logs\__consumer_offsets-39, topicId=zulEaysrRg2mdCpcrFhmIw, topic=__consumer_offsets, partition=39, highWatermark=18, lastStableOffset=18, logStartOffset=0, logEndOffset=18) (kafka.log.LogCleaner)
[2023-05-15 15:55:16,966] INFO Cleaner 0: Beginning cleaning of log __consumer_offsets-39 (kafka.log.LogCleaner)
[2023-05-15 15:55:16,966] INFO Cleaner 0: Building offset map for __consumer_offsets-39... (kafka.log.LogCleaner)
[2023-05-15 15:55:17,002] INFO Cleaner 0: Building offset map for log __consumer_offsets-39 for 1 segments in offset range [0, 17). (kafka.log.LogCleaner)
[2023-05-15 15:55:17,005] INFO Cleaner 0: Offset map for log __consumer_offsets-39 complete. (kafka.log.LogCleaner)
[2023-05-15 15:55:17,005] INFO Cleaner 0: Cleaning log __consumer_offsets-39 (cleaning prior to Mon Apr 17 22:02:55 ICT 2023, discarding tombstones prior to upper bound deletion horizon Thu Jan 01 08:00:00 ICT 1970)... (kafka.log.LogCleaner)
[2023-05-15 15:56:28,992] INFO Starting the log cleaner (kafka.log.LogCleaner)
[2023-05-15 15:56:29,080] INFO [kafka-log-cleaner-thread-0]: Starting (kafka.log.LogCleaner)
[2023-05-15 15:56:44,140] INFO Cleaner 0: Beginning cleaning of log __consumer_offsets-39 (kafka.log.LogCleaner)
[2023-05-15 15:56:44,140] INFO Cleaner 0: Building offset map for __consumer_offsets-39... (kafka.log.LogCleaner)
[2023-05-15 15:56:44,199] INFO Cleaner 0: Building offset map for log __consumer_offsets-39 for 1 segments in offset range [0, 17). (kafka.log.LogCleaner)
[2023-05-15 15:56:44,224] INFO Cleaner 0: Offset map for log __consumer_offsets-39 complete. (kafka.log.LogCleaner)
[2023-05-15 15:56:44,229] INFO Cleaner 0: Cleaning log __consumer_offsets-39 (cleaning prior to Mon Apr 17 22:02:55 ICT 2023, discarding tombstones prior to upper bound deletion horizon Thu Jan 01 08:00:00 ICT 1970)... (kafka.log.LogCleaner)
[2023-05-15 15:56:44,249] INFO Cleaner 0: Cleaning LogSegment(baseOffset=0, size=3286, lastModifiedTime=1681743775395, largestRecordTimestamp=Some(1681743775394)) in log __consumer_offsets-39 into 0 with an upper bound deletion horizon 0 computed from the segment last modified time of 1681743775395,retaining deletes. (kafka.log.LogCleaner)
[2023-05-15 15:56:44,284] INFO Cleaner 0: Swapping in cleaned segment LogSegment(baseOffset=0, size=452, lastModifiedTime=1681743775395, largestRecordTimestamp=Some(1681743775394)) for segment(s) List(LogSegment(baseOffset=0, size=3286, lastModifiedTime=1681743775395, largestRecordTimestamp=Some(1681743775394))) in log Log(dir=D:\tmp\kafka-logs\__consumer_offsets-39, topicId=zulEaysrRg2mdCpcrFhmIw, topic=__consumer_offsets, partition=39, highWatermark=18, lastStableOffset=18, logStartOffset=0, logEndOffset=18) (kafka.log.LogCleaner)
[2023-05-15 15:56:44,331] INFO Cleaner 0: Beginning cleaning of log __consumer_offsets-39 (kafka.log.LogCleaner)
[2023-05-15 15:56:44,331] INFO Cleaner 0: Building offset map for __consumer_offsets-39... (kafka.log.LogCleaner)
[2023-05-15 15:56:44,352] INFO Cleaner 0: Building offset map for log __consumer_offsets-39 for 1 segments in offset range [0, 17). (kafka.log.LogCleaner)
[2023-05-15 15:56:44,356] INFO Cleaner 0: Offset map for log __consumer_offsets-39 complete. (kafka.log.LogCleaner)
[2023-05-15 15:56:44,356] INFO Cleaner 0: Cleaning log __consumer_offsets-39 (cleaning prior to Mon Apr 17 22:02:55 ICT 2023, discarding tombstones prior to upper bound deletion horizon Thu Jan 01 08:00:00 ICT 1970)... (kafka.log.LogCleaner)
[2023-05-15 15:56:44,379] INFO Cleaner 0: Beginning cleaning of log __consumer_offsets-39 (kafka.log.LogCleaner)
[2023-05-15 15:56:44,379] INFO Cleaner 0: Building offset map for __consumer_offsets-39... (kafka.log.LogCleaner)
[2023-05-15 15:56:44,410] INFO Cleaner 0: Building offset map for log __consumer_offsets-39 for 1 segments in offset range [0, 17). (kafka.log.LogCleaner)
[2023-05-15 15:56:44,423] INFO Cleaner 0: Offset map for log __consumer_offsets-39 complete. (kafka.log.LogCleaner)
[2023-05-15 15:56:44,426] INFO Cleaner 0: Cleaning log __consumer_offsets-39 (cleaning prior to Mon Apr 17 22:02:55 ICT 2023, discarding tombstones prior to upper bound deletion horizon Thu Jan 01 08:00:00 ICT 1970)... (kafka.log.LogCleaner)
[2023-05-15 15:56:44,446] INFO Cleaner 0: Beginning cleaning of log __consumer_offsets-39 (kafka.log.LogCleaner)
[2023-05-15 15:56:44,447] INFO Cleaner 0: Building offset map for __consumer_offsets-39... (kafka.log.LogCleaner)
[2023-05-15 15:56:44,468] INFO Cleaner 0: Building offset map for log __consumer_offsets-39 for 1 segments in offset range [0, 17). (kafka.log.LogCleaner)
[2023-05-15 15:56:44,473] INFO Cleaner 0: Offset map for log __consumer_offsets-39 complete. (kafka.log.LogCleaner)
[2023-05-15 15:56:44,473] INFO Cleaner 0: Cleaning log __consumer_offsets-39 (cleaning prior to Mon Apr 17 22:02:55 ICT 2023, discarding tombstones prior to upper bound deletion horizon Thu Jan 01 08:00:00 ICT 1970)... (kafka.log.LogCleaner)
[2023-05-15 15:56:44,496] INFO Cleaner 0: Beginning cleaning of log __consumer_offsets-39 (kafka.log.LogCleaner)
[2023-05-15 15:56:44,496] INFO Cleaner 0: Building offset map for __consumer_offsets-39... (kafka.log.LogCleaner)
[2023-05-15 15:56:44,522] INFO Cleaner 0: Building offset map for log __consumer_offsets-39 for 1 segments in offset range [0, 17). (kafka.log.LogCleaner)
[2023-05-15 15:56:44,525] INFO Cleaner 0: Offset map for log __consumer_offsets-39 complete. (kafka.log.LogCleaner)
[2023-05-15 15:56:44,526] INFO Cleaner 0: Cleaning log __consumer_offsets-39 (cleaning prior to Mon Apr 17 22:02:55 ICT 2023, discarding tombstones prior to upper bound deletion horizon Thu Jan 01 08:00:00 ICT 1970)... (kafka.log.LogCleaner)
[2023-05-15 15:58:07,839] INFO Starting the log cleaner (kafka.log.LogCleaner)
[2023-05-15 15:58:07,917] INFO [kafka-log-cleaner-thread-0]: Starting (kafka.log.LogCleaner)
[2023-05-15 15:58:22,986] INFO Cleaner 0: Beginning cleaning of log __consumer_offsets-39 (kafka.log.LogCleaner)
[2023-05-15 15:58:22,988] INFO Cleaner 0: Building offset map for __consumer_offsets-39... (kafka.log.LogCleaner)
[2023-05-15 15:58:23,026] INFO Cleaner 0: Building offset map for log __consumer_offsets-39 for 1 segments in offset range [0, 17). (kafka.log.LogCleaner)
[2023-05-15 15:58:23,049] INFO Cleaner 0: Offset map for log __consumer_offsets-39 complete. (kafka.log.LogCleaner)
[2023-05-15 15:58:23,051] INFO Cleaner 0: Cleaning log __consumer_offsets-39 (cleaning prior to Mon Apr 17 22:02:55 ICT 2023, discarding tombstones prior to upper bound deletion horizon Thu Jan 01 08:00:00 ICT 1970)... (kafka.log.LogCleaner)
[2023-05-15 15:58:23,057] INFO Cleaner 0: Cleaning LogSegment(baseOffset=0, size=3286, lastModifiedTime=1681743775395, largestRecordTimestamp=Some(1681743775394)) in log __consumer_offsets-39 into 0 with an upper bound deletion horizon 0 computed from the segment last modified time of 1681743775395,retaining deletes. (kafka.log.LogCleaner)
[2023-05-15 15:58:23,077] INFO Cleaner 0: Swapping in cleaned segment LogSegment(baseOffset=0, size=452, lastModifiedTime=1681743775395, largestRecordTimestamp=Some(1681743775394)) for segment(s) List(LogSegment(baseOffset=0, size=3286, lastModifiedTime=1681743775395, largestRecordTimestamp=Some(1681743775394))) in log Log(dir=D:\tmp\kafka-logs\__consumer_offsets-39, topicId=zulEaysrRg2mdCpcrFhmIw, topic=__consumer_offsets, partition=39, highWatermark=18, lastStableOffset=18, logStartOffset=0, logEndOffset=18) (kafka.log.LogCleaner)
[2023-05-15 15:58:23,103] INFO Cleaner 0: Beginning cleaning of log __consumer_offsets-39 (kafka.log.LogCleaner)
[2023-05-15 15:58:23,103] INFO Cleaner 0: Building offset map for __consumer_offsets-39... (kafka.log.LogCleaner)
[2023-05-15 15:58:23,142] INFO Cleaner 0: Building offset map for log __consumer_offsets-39 for 1 segments in offset range [0, 17). (kafka.log.LogCleaner)
[2023-05-15 15:58:23,150] INFO Cleaner 0: Offset map for log __consumer_offsets-39 complete. (kafka.log.LogCleaner)
[2023-05-15 15:58:23,150] INFO Cleaner 0: Cleaning log __consumer_offsets-39 (cleaning prior to Mon Apr 17 22:02:55 ICT 2023, discarding tombstones prior to upper bound deletion horizon Thu Jan 01 08:00:00 ICT 1970)... (kafka.log.LogCleaner)
[2023-05-15 16:01:47,539] INFO Starting the log cleaner (kafka.log.LogCleaner)
[2023-05-15 16:01:47,631] INFO [kafka-log-cleaner-thread-0]: Starting (kafka.log.LogCleaner)
